# JRE version: OpenJDK Runtime Environment (11.0.11+9) (build 11.0.11+9-b60-7590822)
# Java VM: OpenJDK 64-Bit Server VM (11.0.11+9-b60-7590822, mixed mode, tiered, compressed oops, g1 gc, windows-amd64)
Heap:
 garbage-first heap   total 579584K, used 227877K [0x0000000080000000, 0x0000000100000000)
  region size 1024K, 7 young (7168K), 7 survivors (7168K)
 Metaspace       used 124074K, capacity 127511K, committed 127872K, reserved 1161216K
  class space    used 15557K, capacity 16832K, committed 17024K, reserved 1048576K
GC Heap History (20 events):
Event: 39.548 GC heap after
{Heap after GC invocations=33 (full 0):
 garbage-first heap   total 260096K, used 150113K [0x0000000080000000, 0x0000000100000000)
  region size 1024K, 2 young (2048K), 2 survivors (2048K)
 Metaspace       used 119975K, capacity 123197K, committed 124032K, reserved 1157120K
  class space    used 15020K, capacity 16193K, committed 16512K, reserved 1048576K
}
Event: 40.090 GC heap before
{Heap before GC invocations=34 (full 0):
 garbage-first heap   total 260096K, used 207457K [0x0000000080000000, 0x0000000100000000)
  region size 1024K, 59 young (60416K), 2 survivors (2048K)
 Metaspace       used 120400K, capacity 123748K, committed 124288K, reserved 1157120K
  class space    used 15070K, capacity 16285K, committed 16512K, reserved 1048576K
}
Event: 40.096 GC heap after
{Heap after GC invocations=35 (full 0):
 garbage-first heap   total 260096K, used 152647K [0x0000000080000000, 0x0000000100000000)
  region size 1024K, 7 young (7168K), 7 survivors (7168K)
 Metaspace       used 120400K, capacity 123748K, committed 124288K, reserved 1157120K
  class space    used 15070K, capacity 16285K, committed 16512K, reserved 1048576K
}
Event: 40.103 GC heap before
{Heap before GC invocations=35 (full 0):
 garbage-first heap   total 260096K, used 157767K [0x0000000080000000, 0x0000000100000000)
  region size 1024K, 12 young (12288K), 7 survivors (7168K)
 Metaspace       used 120430K, capacity 123748K, committed 124288K, reserved 1157120K
  class space    used 15076K, capacity 16285K, committed 16512K, reserved 1048576K
}
Event: 40.111 GC heap after
{Heap after GC invocations=36 (full 0):
 garbage-first heap   total 260096K, used 146122K [0x0000000080000000, 0x0000000100000000)
  region size 1024K, 2 young (2048K), 2 survivors (2048K)
 Metaspace       used 120430K, capacity 123748K, committed 124288K, reserved 1157120K
  class space    used 15076K, capacity 16285K, committed 16512K, reserved 1048576K
}
Event: 40.183 GC heap before
{Heap before GC invocations=36 (full 0):
 garbage-first heap   total 260096K, used 205514K [0x0000000080000000, 0x0000000100000000)
  region size 1024K, 62 young (63488K), 2 survivors (2048K)
 Metaspace       used 120756K, capacity 124104K, committed 124672K, reserved 1157120K
  class space    used 15121K, capacity 16338K, committed 16640K, reserved 1048576K
}
Event: 40.191 GC heap after
{Heap after GC invocations=37 (full 0):
 garbage-first heap   total 260096K, used 158870K [0x0000000080000000, 0x0000000100000000)
  region size 1024K, 8 young (8192K), 8 survivors (8192K)
 Metaspace       used 120756K, capacity 124104K, committed 124672K, reserved 1157120K
  class space    used 15121K, capacity 16338K, committed 16640K, reserved 1048576K
}
Event: 40.324 GC heap before
{Heap before GC invocations=37 (full 0):
 garbage-first heap   total 260096K, used 209046K [0x0000000080000000, 0x0000000100000000)
  region size 1024K, 58 young (59392K), 8 survivors (8192K)
 Metaspace       used 121662K, capacity 125007K, committed 125568K, reserved 1159168K
  class space    used 15251K, capacity 16493K, committed 16768K, reserved 1048576K
}
Event: 40.331 GC heap after
{Heap after GC invocations=38 (full 0):
 garbage-first heap   total 260096K, used 167912K [0x0000000080000000, 0x0000000100000000)
  region size 1024K, 8 young (8192K), 8 survivors (8192K)
 Metaspace       used 121662K, capacity 125007K, committed 125568K, reserved 1159168K
  class space    used 15251K, capacity 16493K, committed 16768K, reserved 1048576K
}
Event: 40.539 GC heap before
{Heap before GC invocations=39 (full 0):
 garbage-first heap   total 260096K, used 213992K [0x0000000080000000, 0x0000000100000000)
  region size 1024K, 54 young (55296K), 8 survivors (8192K)
 Metaspace       used 121968K, capacity 125350K, committed 125824K, reserved 1159168K
  class space    used 15278K, capacity 16500K, committed 16768K, reserved 1048576K
}
Event: 40.552 GC heap after
{Heap after GC invocations=40 (full 0):
 garbage-first heap   total 260096K, used 176026K [0x0000000080000000, 0x0000000100000000)
  region size 1024K, 7 young (7168K), 7 survivors (7168K)
 Metaspace       used 121968K, capacity 125350K, committed 125824K, reserved 1159168K
  class space    used 15278K, capacity 16500K, committed 16768K, reserved 1048576K
}
Event: 40.563 GC heap before
{Heap before GC invocations=40 (full 0):
 garbage-first heap   total 260096K, used 180122K [0x0000000080000000, 0x0000000100000000)
  region size 1024K, 12 young (12288K), 7 survivors (7168K)
 Metaspace       used 121979K, capacity 125350K, committed 125824K, reserved 1159168K
  class space    used 15279K, capacity 16500K, committed 16768K, reserved 1048576K
}
Event: 40.574 GC heap after
{Heap after GC invocations=41 (full 0):
 garbage-first heap   total 326656K, used 177388K [0x0000000080000000, 0x0000000100000000)
  region size 1024K, 2 young (2048K), 2 survivors (2048K)
 Metaspace       used 121979K, capacity 125350K, committed 125824K, reserved 1159168K
  class space    used 15279K, capacity 16500K, committed 16768K, reserved 1048576K
}
Event: 40.737 GC heap before
{Heap before GC invocations=41 (full 0):
 garbage-first heap   total 326656K, used 243948K [0x0000000080000000, 0x0000000100000000)
  region size 1024K, 67 young (68608K), 2 survivors (2048K)
 Metaspace       used 122534K, capacity 125886K, committed 126336K, reserved 1159168K
  class space    used 15359K, capacity 16594K, committed 16768K, reserved 1048576K
}
Event: 40.752 GC heap after
{Heap after GC invocations=42 (full 0):
 garbage-first heap   total 326656K, used 192865K [0x0000000080000000, 0x0000000100000000)
  region size 1024K, 9 young (9216K), 9 survivors (9216K)
 Metaspace       used 122534K, capacity 125886K, committed 126336K, reserved 1159168K
  class space    used 15359K, capacity 16594K, committed 16768K, reserved 1048576K
}
Event: 40.888 GC heap before
{Heap before GC invocations=42 (full 0):
 garbage-first heap   total 326656K, used 253281K [0x0000000080000000, 0x0000000100000000)
  region size 1024K, 68 young (69632K), 9 survivors (9216K)
 Metaspace       used 123370K, capacity 126788K, committed 127232K, reserved 1159168K
  class space    used 15476K, capacity 16723K, committed 16896K, reserved 1048576K
}
Event: 40.909 GC heap after
{Heap after GC invocations=43 (full 0):
 garbage-first heap   total 326656K, used 207033K [0x0000000080000000, 0x0000000100000000)
  region size 1024K, 9 young (9216K), 9 survivors (9216K)
 Metaspace       used 123370K, capacity 126788K, committed 127232K, reserved 1159168K
  class space    used 15476K, capacity 16723K, committed 16896K, reserved 1048576K
}
Event: 40.993 GC heap before
{Heap before GC invocations=43 (full 0):
 garbage-first heap   total 326656K, used 260281K [0x0000000080000000, 0x0000000100000000)
  region size 1024K, 61 young (62464K), 9 survivors (9216K)
 Metaspace       used 123988K, capacity 127410K, committed 127872K, reserved 1161216K
  class space    used 15548K, capacity 16824K, committed 17024K, reserved 1048576K
}
Event: 41.012 GC heap after
{Heap after GC invocations=44 (full 0):
 garbage-first heap   total 326656K, used 218404K [0x0000000080000000, 0x0000000100000000)
  region size 1024K, 8 young (8192K), 8 survivors (8192K)
 Metaspace       used 123988K, capacity 127410K, committed 127872K, reserved 1161216K
  class space    used 15548K, capacity 16824K, committed 17024K, reserved 1048576K
}
Event: 41.066 GC heap before
{Heap before GC invocations=44 (full 0):
 garbage-first heap   total 326656K, used 266532K [0x0000000080000000, 0x0000000100000000)
  region size 1024K, 55 young (56320K), 8 survivors (8192K)
 Metaspace       used 124074K, capacity 127511K, committed 127872K, reserved 1161216K
  class space    used 15557K, capacity 16832K, committed 17024K, reserved 1048576K
}

