# JRE version: OpenJDK Runtime Environment (11.0.11+9) (build 11.0.11+9-b60-7590822)
# Java VM: OpenJDK 64-Bit Server VM (11.0.11+9-b60-7590822, mixed mode, tiered, compressed oops, g1 gc, windows-amd64)
Heap:
 garbage-first heap   total 444416K, used 174352K [0x0000000080000000, 0x0000000100000000)
  region size 1024K, 15 young (15360K), 15 survivors (15360K)
 Metaspace       used 103929K, capacity 106917K, committed 107136K, reserved 1142784K
  class space    used 13525K, capacity 14708K, committed 14796K, reserved 1048576K
GC Heap History (20 events):
Event: 10.113 GC heap after
{Heap after GC invocations=19 (full 0):
 garbage-first heap   total 312320K, used 132134K [0x0000000080000000, 0x0000000100000000)
  region size 1024K, 17 young (17408K), 17 survivors (17408K)
 Metaspace       used 101435K, capacity 104311K, committed 104576K, reserved 1138688K
  class space    used 13355K, capacity 14480K, committed 14540K, reserved 1048576K
}
Event: 10.360 GC heap before
{Heap before GC invocations=19 (full 0):
 garbage-first heap   total 312320K, used 234534K [0x0000000080000000, 0x0000000100000000)
  region size 1024K, 117 young (119808K), 17 survivors (17408K)
 Metaspace       used 101879K, capacity 104800K, committed 104960K, reserved 1140736K
  class space    used 13405K, capacity 14555K, committed 14668K, reserved 1048576K
}
Event: 10.380 GC heap after
{Heap after GC invocations=20 (full 0):
 garbage-first heap   total 374784K, used 143982K [0x0000000080000000, 0x0000000100000000)
  region size 1024K, 14 young (14336K), 14 survivors (14336K)
 Metaspace       used 101879K, capacity 104800K, committed 104960K, reserved 1140736K
  class space    used 13405K, capacity 14555K, committed 14668K, reserved 1048576K
}
Event: 10.693 GC heap before
{Heap before GC invocations=20 (full 0):
 garbage-first heap   total 374784K, used 271982K [0x0000000080000000, 0x0000000100000000)
  region size 1024K, 140 young (143360K), 14 survivors (14336K)
 Metaspace       used 102377K, capacity 105378K, committed 105472K, reserved 1140736K
  class space    used 13485K, capacity 14640K, committed 14668K, reserved 1048576K
}
Event: 10.707 GC heap after
{Heap after GC invocations=21 (full 0):
 garbage-first heap   total 374784K, used 150866K [0x0000000080000000, 0x0000000100000000)
  region size 1024K, 9 young (9216K), 9 survivors (9216K)
 Metaspace       used 102377K, capacity 105378K, committed 105472K, reserved 1140736K
  class space    used 13485K, capacity 14640K, committed 14668K, reserved 1048576K
}
Event: 11.019 GC heap before
{Heap before GC invocations=21 (full 0):
 garbage-first heap   total 374784K, used 280914K [0x0000000080000000, 0x0000000100000000)
  region size 1024K, 136 young (139264K), 9 survivors (9216K)
 Metaspace       used 102480K, capacity 105472K, committed 105728K, reserved 1140736K
  class space    used 13492K, capacity 14650K, committed 14668K, reserved 1048576K
}
Event: 11.028 GC heap after
{Heap after GC invocations=22 (full 0):
 garbage-first heap   total 374784K, used 150865K [0x0000000080000000, 0x0000000100000000)
  region size 1024K, 9 young (9216K), 9 survivors (9216K)
 Metaspace       used 102480K, capacity 105472K, committed 105728K, reserved 1140736K
  class space    used 13492K, capacity 14650K, committed 14668K, reserved 1048576K
}
Event: 11.324 GC heap before
{Heap before GC invocations=22 (full 0):
 garbage-first heap   total 374784K, used 286033K [0x0000000080000000, 0x0000000100000000)
  region size 1024K, 142 young (145408K), 9 survivors (9216K)
 Metaspace       used 102676K, capacity 105688K, committed 105728K, reserved 1140736K
  class space    used 13495K, capacity 14655K, committed 14668K, reserved 1048576K
}
Event: 11.333 GC heap after
{Heap after GC invocations=23 (full 0):
 garbage-first heap   total 374784K, used 155103K [0x0000000080000000, 0x0000000100000000)
  region size 1024K, 13 young (13312K), 13 survivors (13312K)
 Metaspace       used 102676K, capacity 105688K, committed 105728K, reserved 1140736K
  class space    used 13495K, capacity 14655K, committed 14668K, reserved 1048576K
}
Event: 11.569 GC heap before
{Heap before GC invocations=23 (full 0):
 garbage-first heap   total 374784K, used 293343K [0x0000000080000000, 0x0000000100000000)
  region size 1024K, 149 young (152576K), 13 survivors (13312K)
 Metaspace       used 102943K, capacity 105908K, committed 105984K, reserved 1140736K
  class space    used 13505K, capacity 14659K, committed 14668K, reserved 1048576K
}
Event: 11.584 GC heap after
{Heap after GC invocations=24 (full 0):
 garbage-first heap   total 374784K, used 159675K [0x0000000080000000, 0x0000000100000000)
  region size 1024K, 11 young (11264K), 11 survivors (11264K)
 Metaspace       used 102943K, capacity 105908K, committed 105984K, reserved 1140736K
  class space    used 13505K, capacity 14659K, committed 14668K, reserved 1048576K
}
Event: 11.867 GC heap before
{Heap before GC invocations=24 (full 0):
 garbage-first heap   total 374784K, used 298939K [0x0000000080000000, 0x0000000100000000)
  region size 1024K, 147 young (150528K), 11 survivors (11264K)
 Metaspace       used 103243K, capacity 106241K, committed 106496K, reserved 1140736K
  class space    used 13508K, capacity 14660K, committed 14668K, reserved 1048576K
}
Event: 11.877 GC heap after
{Heap after GC invocations=25 (full 0):
 garbage-first heap   total 374784K, used 161692K [0x0000000080000000, 0x0000000100000000)
  region size 1024K, 13 young (13312K), 13 survivors (13312K)
 Metaspace       used 103243K, capacity 106241K, committed 106496K, reserved 1140736K
  class space    used 13508K, capacity 14660K, committed 14668K, reserved 1048576K
}
Event: 12.147 GC heap before
{Heap before GC invocations=25 (full 0):
 garbage-first heap   total 374784K, used 303004K [0x0000000080000000, 0x0000000100000000)
  region size 1024K, 151 young (154624K), 13 survivors (13312K)
 Metaspace       used 103575K, capacity 106569K, committed 106880K, reserved 1140736K
  class space    used 13519K, capacity 14672K, committed 14796K, reserved 1048576K
}
Event: 12.157 GC heap after
{Heap after GC invocations=26 (full 0):
 garbage-first heap   total 374784K, used 163108K [0x0000000080000000, 0x0000000100000000)
  region size 1024K, 12 young (12288K), 12 survivors (12288K)
 Metaspace       used 103575K, capacity 106569K, committed 106880K, reserved 1140736K
  class space    used 13519K, capacity 14672K, committed 14796K, reserved 1048576K
}
Event: 12.366 GC heap before
{Heap before GC invocations=26 (full 0):
 garbage-first heap   total 374784K, used 308516K [0x0000000080000000, 0x0000000100000000)
  region size 1024K, 155 young (158720K), 12 survivors (12288K)
 Metaspace       used 103796K, capacity 106771K, committed 106880K, reserved 1140736K
  class space    used 13525K, capacity 14707K, committed 14796K, reserved 1048576K
}
Event: 12.375 GC heap after
{Heap after GC invocations=27 (full 0):
 garbage-first heap   total 374784K, used 162535K [0x0000000080000000, 0x0000000100000000)
  region size 1024K, 11 young (11264K), 11 survivors (11264K)
 Metaspace       used 103796K, capacity 106771K, committed 106880K, reserved 1140736K
  class space    used 13525K, capacity 14707K, committed 14796K, reserved 1048576K
}
Event: 12.560 GC heap before
{Heap before GC invocations=27 (full 0):
 garbage-first heap   total 374784K, used 314087K [0x0000000080000000, 0x0000000100000000)
  region size 1024K, 159 young (162816K), 11 survivors (11264K)
 Metaspace       used 103868K, capacity 106841K, committed 107136K, reserved 1142784K
  class space    used 13525K, capacity 14708K, committed 14796K, reserved 1048576K
}
Event: 12.570 GC heap after
{Heap after GC invocations=28 (full 0):
 garbage-first heap   total 374784K, used 168897K [0x0000000080000000, 0x0000000100000000)
  region size 1024K, 14 young (14336K), 14 survivors (14336K)
 Metaspace       used 103868K, capacity 106841K, committed 107136K, reserved 1142784K
  class space    used 13525K, capacity 14708K, committed 14796K, reserved 1048576K
}
Event: 12.766 GC heap before
{Heap before GC invocations=28 (full 0):
 garbage-first heap   total 374784K, used 314305K [0x0000000080000000, 0x0000000100000000)
  region size 1024K, 156 young (159744K), 14 survivors (14336K)
 Metaspace       used 103929K, capacity 106917K, committed 107136K, reserved 1142784K
  class space    used 13525K, capacity 14708K, committed 14796K, reserved 1048576K
}

