# JRE version: OpenJDK Runtime Environment (11.0.11+9) (build 11.0.11+9-b60-7590822)
# Java VM: OpenJDK 64-Bit Server VM (11.0.11+9-b60-7590822, mixed mode, tiered, compressed oops, g1 gc, windows-amd64)
Heap:
 garbage-first heap   total 835584K, used 265811K [0x0000000080000000, 0x0000000100000000)
  region size 1024K, 16 young (16384K), 16 survivors (16384K)
 Metaspace       used 143499K, capacity 147863K, committed 148440K, reserved 1177600K
  class space    used 17673K, capacity 19241K, committed 19456K, reserved 1048576K
GC Heap History (20 events):
Event: 1366.806 GC heap after
{Heap after GC invocations=134 (full 0):
 garbage-first heap   total 260096K, used 179365K [0x0000000080000000, 0x0000000100000000)
  region size 1024K, 7 young (7168K), 7 survivors (7168K)
 Metaspace       used 135361K, capacity 139311K, committed 139608K, reserved 1171456K
  class space    used 16529K, capacity 17933K, committed 18048K, reserved 1048576K
}
Event: 1366.971 GC heap before
{Heap before GC invocations=134 (full 0):
 garbage-first heap   total 260096K, used 216229K [0x0000000080000000, 0x0000000100000000)
  region size 1024K, 43 young (44032K), 7 survivors (7168K)
 Metaspace       used 137181K, capacity 141172K, committed 141400K, reserved 1173504K
  class space    used 16783K, capacity 18213K, committed 18304K, reserved 1048576K
}
Event: 1366.984 GC heap after
{Heap after GC invocations=135 (full 0):
 garbage-first heap   total 260096K, used 187099K [0x0000000080000000, 0x0000000100000000)
  region size 1024K, 6 young (6144K), 6 survivors (6144K)
 Metaspace       used 137181K, capacity 141172K, committed 141400K, reserved 1173504K
  class space    used 16783K, capacity 18213K, committed 18304K, reserved 1048576K
}
Event: 1367.166 GC heap before
{Heap before GC invocations=136 (full 0):
 garbage-first heap   total 260096K, used 218843K [0x0000000080000000, 0x0000000100000000)
  region size 1024K, 37 young (37888K), 6 survivors (6144K)
 Metaspace       used 138968K, capacity 143215K, committed 143320K, reserved 1173504K
  class space    used 17121K, capacity 18646K, committed 18688K, reserved 1048576K
}
Event: 1367.182 GC heap after
{Heap after GC invocations=137 (full 0):
 garbage-first heap   total 387072K, used 193342K [0x0000000080000000, 0x0000000100000000)
  region size 1024K, 5 young (5120K), 5 survivors (5120K)
 Metaspace       used 138968K, capacity 143215K, committed 143320K, reserved 1173504K
  class space    used 17121K, capacity 18646K, committed 18688K, reserved 1048576K
}
Event: 1367.247 GC heap before
{Heap before GC invocations=137 (full 0):
 garbage-first heap   total 387072K, used 206654K [0x0000000080000000, 0x0000000100000000)
  region size 1024K, 18 young (18432K), 5 survivors (5120K)
 Metaspace       used 139659K, capacity 143926K, committed 143960K, reserved 1175552K
  class space    used 17264K, capacity 18797K, committed 18816K, reserved 1048576K
}
Event: 1367.256 GC heap after
{Heap after GC invocations=138 (full 0):
 garbage-first heap   total 387072K, used 195281K [0x0000000080000000, 0x0000000100000000)
  region size 1024K, 2 young (2048K), 2 survivors (2048K)
 Metaspace       used 139659K, capacity 143926K, committed 143960K, reserved 1175552K
  class space    used 17264K, capacity 18797K, committed 18816K, reserved 1048576K
}
Event: 1367.574 GC heap before
{Heap before GC invocations=138 (full 0):
 garbage-first heap   total 387072K, used 266961K [0x0000000080000000, 0x0000000100000000)
  region size 1024K, 73 young (74752K), 2 survivors (2048K)
 Metaspace       used 141891K, capacity 146328K, committed 146392K, reserved 1177600K
  class space    used 17582K, capacity 19186K, committed 19200K, reserved 1048576K
}
Event: 1367.585 GC heap after
{Heap after GC invocations=139 (full 0):
 garbage-first heap   total 387072K, used 202287K [0x0000000080000000, 0x0000000100000000)
  region size 1024K, 9 young (9216K), 9 survivors (9216K)
 Metaspace       used 141891K, capacity 146328K, committed 146392K, reserved 1177600K
  class space    used 17582K, capacity 19186K, committed 19200K, reserved 1048576K
}
Event: 1367.951 GC heap before
{Heap before GC invocations=140 (full 0):
 garbage-first heap   total 387072K, used 277039K [0x0000000080000000, 0x0000000100000000)
  region size 1024K, 82 young (83968K), 9 survivors (9216K)
 Metaspace       used 142470K, capacity 146716K, committed 147288K, reserved 1177600K
  class space    used 17567K, capacity 19099K, committed 19328K, reserved 1048576K
}
Event: 1367.967 GC heap after
{Heap after GC invocations=141 (full 0):
 garbage-first heap   total 387072K, used 212099K [0x0000000080000000, 0x0000000100000000)
  region size 1024K, 11 young (11264K), 11 survivors (11264K)
 Metaspace       used 142470K, capacity 146716K, committed 147288K, reserved 1177600K
  class space    used 17567K, capacity 19099K, committed 19328K, reserved 1048576K
}
Event: 1368.103 GC heap before
{Heap before GC invocations=141 (full 0):
 garbage-first heap   total 387072K, used 285827K [0x0000000080000000, 0x0000000100000000)
  region size 1024K, 84 young (86016K), 11 survivors (11264K)
 Metaspace       used 142812K, capacity 147159K, committed 147544K, reserved 1177600K
  class space    used 17624K, capacity 19207K, committed 19328K, reserved 1048576K
}
Event: 1368.143 GC heap after
{Heap after GC invocations=142 (full 0):
 garbage-first heap   total 548864K, used 224405K [0x0000000080000000, 0x0000000100000000)
  region size 1024K, 11 young (11264K), 11 survivors (11264K)
 Metaspace       used 142812K, capacity 147159K, committed 147544K, reserved 1177600K
  class space    used 17624K, capacity 19207K, committed 19328K, reserved 1048576K
}
Event: 1368.582 GC heap before
{Heap before GC invocations=143 (full 0):
 garbage-first heap   total 548864K, used 357525K [0x0000000080000000, 0x0000000100000000)
  region size 1024K, 142 young (145408K), 11 survivors (11264K)
 Metaspace       used 143137K, capacity 147499K, committed 147800K, reserved 1177600K
  class space    used 17647K, capacity 19210K, committed 19328K, reserved 1048576K
}
Event: 1368.604 GC heap after
{Heap after GC invocations=144 (full 0):
 garbage-first heap   total 548864K, used 241105K [0x0000000080000000, 0x0000000100000000)
  region size 1024K, 18 young (18432K), 18 survivors (18432K)
 Metaspace       used 143137K, capacity 147499K, committed 147800K, reserved 1177600K
  class space    used 17647K, capacity 19210K, committed 19328K, reserved 1048576K
}
Event: 1368.619 GC heap before
{Heap before GC invocations=144 (full 0):
 garbage-first heap   total 548864K, used 248273K [0x0000000080000000, 0x0000000100000000)
  region size 1024K, 26 young (26624K), 18 survivors (18432K)
 Metaspace       used 143142K, capacity 147499K, committed 147800K, reserved 1177600K
  class space    used 17647K, capacity 19210K, committed 19328K, reserved 1048576K
}
Event: 1368.633 GC heap after
{Heap after GC invocations=145 (full 0):
 garbage-first heap   total 548864K, used 242452K [0x0000000080000000, 0x0000000100000000)
  region size 1024K, 3 young (3072K), 3 survivors (3072K)
 Metaspace       used 143142K, capacity 147499K, committed 147800K, reserved 1177600K
  class space    used 17647K, capacity 19210K, committed 19328K, reserved 1048576K
}
Event: 1368.927 GC heap before
{Heap before GC invocations=145 (full 0):
 garbage-first heap   total 548864K, used 376596K [0x0000000080000000, 0x0000000100000000)
  region size 1024K, 135 young (138240K), 3 survivors (3072K)
 Metaspace       used 143195K, capacity 147535K, committed 147928K, reserved 1177600K
  class space    used 17662K, capacity 19243K, committed 19456K, reserved 1048576K
}
Event: 1368.945 GC heap after
{Heap after GC invocations=146 (full 0):
 garbage-first heap   total 548864K, used 252256K [0x0000000080000000, 0x0000000100000000)
  region size 1024K, 13 young (13312K), 13 survivors (13312K)
 Metaspace       used 143195K, capacity 147535K, committed 147928K, reserved 1177600K
  class space    used 17662K, capacity 19243K, committed 19456K, reserved 1048576K
}
Event: 1369.421 GC heap before
{Heap before GC invocations=147 (full 0):
 garbage-first heap   total 548864K, used 390496K [0x0000000080000000, 0x0000000100000000)
  region size 1024K, 149 young (152576K), 13 survivors (13312K)
 Metaspace       used 143499K, capacity 147863K, committed 148440K, reserved 1177600K
  class space    used 17673K, capacity 19241K, committed 19456K, reserved 1048576K
}

