# JRE version: OpenJDK Runtime Environment (11.0.11+9) (build 11.0.11+9-b60-7590822)
# Java VM: OpenJDK 64-Bit Server VM (11.0.11+9-b60-7590822, mixed mode, tiered, compressed oops, g1 gc, windows-amd64)
Heap:
 garbage-first heap   total 642048K, used 269539K [0x0000000080000000, 0x0000000100000000)
  region size 1024K, 5 young (5120K), 5 survivors (5120K)
 Metaspace       used 135825K, capacity 139424K, committed 139632K, reserved 1171456K
  class space    used 17099K, capacity 18433K, committed 18560K, reserved 1048576K
GC Heap History (20 events):
Event: 30.074 GC heap after
{Heap after GC invocations=30 (full 0):
 garbage-first heap   total 312320K, used 168326K [0x0000000080000000, 0x0000000100000000)
  region size 1024K, 12 young (12288K), 12 survivors (12288K)
 Metaspace       used 128598K, capacity 131867K, committed 132720K, reserved 1165312K
  class space    used 16028K, capacity 17234K, committed 17536K, reserved 1048576K
}
Event: 30.079 GC heap before
{Heap before GC invocations=30 (full 0):
 garbage-first heap   total 312320K, used 170374K [0x0000000080000000, 0x0000000100000000)
  region size 1024K, 15 young (15360K), 12 survivors (12288K)
 Metaspace       used 128625K, capacity 131871K, committed 132720K, reserved 1165312K
  class space    used 16034K, capacity 17236K, committed 17536K, reserved 1048576K
}
Event: 30.084 GC heap after
{Heap after GC invocations=31 (full 0):
 garbage-first heap   total 312320K, used 163895K [0x0000000080000000, 0x0000000100000000)
  region size 1024K, 2 young (2048K), 2 survivors (2048K)
 Metaspace       used 128625K, capacity 131871K, committed 132720K, reserved 1165312K
  class space    used 16034K, capacity 17236K, committed 17536K, reserved 1048576K
}
Event: 30.290 GC heap before
{Heap before GC invocations=31 (full 0):
 garbage-first heap   total 312320K, used 242743K [0x0000000080000000, 0x0000000100000000)
  region size 1024K, 80 young (81920K), 2 survivors (2048K)
 Metaspace       used 129759K, capacity 133090K, committed 133616K, reserved 1165312K
  class space    used 16182K, capacity 17410K, committed 17664K, reserved 1048576K
}
Event: 30.310 GC heap after
{Heap after GC invocations=32 (full 0):
 garbage-first heap   total 312320K, used 184472K [0x0000000080000000, 0x0000000100000000)
  region size 1024K, 10 young (10240K), 10 survivors (10240K)
 Metaspace       used 129759K, capacity 133090K, committed 133616K, reserved 1165312K
  class space    used 16182K, capacity 17410K, committed 17664K, reserved 1048576K
}
Event: 30.603 GC heap before
{Heap before GC invocations=33 (full 0):
 garbage-first heap   total 312320K, used 246936K [0x0000000080000000, 0x0000000100000000)
  region size 1024K, 72 young (73728K), 10 survivors (10240K)
 Metaspace       used 130299K, capacity 133590K, committed 134128K, reserved 1165312K
  class space    used 16252K, capacity 17486K, committed 17664K, reserved 1048576K
}
Event: 30.625 GC heap after
{Heap after GC invocations=34 (full 0):
 garbage-first heap   total 312320K, used 200426K [0x0000000080000000, 0x0000000100000000)
  region size 1024K, 9 young (9216K), 9 survivors (9216K)
 Metaspace       used 130299K, capacity 133590K, committed 134128K, reserved 1165312K
  class space    used 16252K, capacity 17486K, committed 17664K, reserved 1048576K
}
Event: 30.819 GC heap before
{Heap before GC invocations=34 (full 0):
 garbage-first heap   total 312320K, used 252650K [0x0000000080000000, 0x0000000100000000)
  region size 1024K, 60 young (61440K), 9 survivors (9216K)
 Metaspace       used 131847K, capacity 135228K, committed 135664K, reserved 1167360K
  class space    used 16473K, capacity 17756K, committed 17920K, reserved 1048576K
}
Event: 30.838 GC heap after
{Heap after GC invocations=35 (full 0):
 garbage-first heap   total 312320K, used 210944K [0x0000000080000000, 0x0000000100000000)
  region size 1024K, 8 young (8192K), 8 survivors (8192K)
 Metaspace       used 131847K, capacity 135228K, committed 135664K, reserved 1167360K
  class space    used 16473K, capacity 17756K, committed 17920K, reserved 1048576K
}
Event: 31.009 GC heap before
{Heap before GC invocations=35 (full 0):
 garbage-first heap   total 312320K, used 257024K [0x0000000080000000, 0x0000000100000000)
  region size 1024K, 53 young (54272K), 8 survivors (8192K)
 Metaspace       used 132412K, capacity 135786K, committed 136304K, reserved 1167360K
  class space    used 16564K, capacity 17852K, committed 18048K, reserved 1048576K
}
Event: 31.029 GC heap after
{Heap after GC invocations=36 (full 0):
 garbage-first heap   total 312320K, used 221007K [0x0000000080000000, 0x0000000100000000)
  region size 1024K, 7 young (7168K), 7 survivors (7168K)
 Metaspace       used 132412K, capacity 135786K, committed 136304K, reserved 1167360K
  class space    used 16564K, capacity 17852K, committed 18048K, reserved 1048576K
}
Event: 31.176 GC heap before
{Heap before GC invocations=36 (full 0):
 garbage-first heap   total 312320K, used 262991K [0x0000000080000000, 0x0000000100000000)
  region size 1024K, 48 young (49152K), 7 survivors (7168K)
 Metaspace       used 132657K, capacity 136068K, committed 136560K, reserved 1167360K
  class space    used 16617K, capacity 17880K, committed 18048K, reserved 1048576K
}
Event: 31.196 GC heap after
{Heap after GC invocations=37 (full 0):
 garbage-first heap   total 390144K, used 230919K [0x0000000080000000, 0x0000000100000000)
  region size 1024K, 6 young (6144K), 6 survivors (6144K)
 Metaspace       used 132657K, capacity 136068K, committed 136560K, reserved 1167360K
  class space    used 16617K, capacity 17880K, committed 18048K, reserved 1048576K
}
Event: 31.348 GC heap before
{Heap before GC invocations=38 (full 0):
 garbage-first heap   total 390144K, used 301575K [0x0000000080000000, 0x0000000100000000)
  region size 1024K, 75 young (76800K), 6 survivors (6144K)
 Metaspace       used 133753K, capacity 137251K, committed 137456K, reserved 1169408K
  class space    used 16791K, capacity 18105K, committed 18176K, reserved 1048576K
}
Event: 31.368 GC heap after
{Heap after GC invocations=39 (full 0):
 garbage-first heap   total 390144K, used 244722K [0x0000000080000000, 0x0000000100000000)
  region size 1024K, 10 young (10240K), 10 survivors (10240K)
 Metaspace       used 133753K, capacity 137251K, committed 137456K, reserved 1169408K
  class space    used 16791K, capacity 18105K, committed 18176K, reserved 1048576K
}
Event: 31.539 GC heap before
{Heap before GC invocations=39 (full 0):
 garbage-first heap   total 390144K, used 311282K [0x0000000080000000, 0x0000000100000000)
  region size 1024K, 75 young (76800K), 10 survivors (10240K)
 Metaspace       used 135025K, capacity 138576K, committed 138736K, reserved 1169408K
  class space    used 17013K, capacity 18349K, committed 18432K, reserved 1048576K
}
Event: 31.561 GC heap after
{Heap after GC invocations=40 (full 0):
 garbage-first heap   total 390144K, used 255723K [0x0000000080000000, 0x0000000100000000)
  region size 1024K, 10 young (10240K), 10 survivors (10240K)
 Metaspace       used 135025K, capacity 138576K, committed 138736K, reserved 1169408K
  class space    used 17013K, capacity 18349K, committed 18432K, reserved 1048576K
}
Event: 31.832 GC heap before
{Heap before GC invocations=40 (full 0):
 garbage-first heap   total 390144K, used 317163K [0x0000000080000000, 0x0000000100000000)
  region size 1024K, 71 young (72704K), 10 survivors (10240K)
 Metaspace       used 135591K, capacity 139099K, committed 139248K, reserved 1171456K
  class space    used 17073K, capacity 18391K, committed 18432K, reserved 1048576K
}
Event: 31.847 GC heap after
{Heap after GC invocations=41 (full 0):
 garbage-first heap   total 390144K, used 264807K [0x0000000080000000, 0x0000000100000000)
  region size 1024K, 9 young (9216K), 9 survivors (9216K)
 Metaspace       used 135591K, capacity 139099K, committed 139248K, reserved 1171456K
  class space    used 17073K, capacity 18391K, committed 18432K, reserved 1048576K
}
Event: 32.071 GC heap before
{Heap before GC invocations=42 (full 0):
 garbage-first heap   total 390144K, used 322151K [0x0000000080000000, 0x0000000100000000)
  region size 1024K, 66 young (67584K), 9 survivors (9216K)
 Metaspace       used 135825K, capacity 139424K, committed 139632K, reserved 1171456K
  class space    used 17099K, capacity 18433K, committed 18560K, reserved 1048576K
}

